2024-06-30T10:20:38.764-03:00  INFO 14204 --- [store] [restartedMain] com.store.store.StoreApplication         : Starting StoreApplication using Java 22.0.1 with PID 14204 (C:\Users\javie\OneDrive\Escritorio\Java SpringBoot\proyectoSpringboot\store\target\classes started by javie in C:\Users\javie\OneDrive\Escritorio\Java SpringBoot\proyectoSpringboot\store)
2024-06-30T10:20:38.782-03:00  INFO 14204 --- [store] [restartedMain] com.store.store.StoreApplication         : No active profile set, falling back to 1 default profile: "default"
2024-06-30T10:20:38.855-03:00  INFO 14204 --- [store] [restartedMain] .e.DevToolsPropertyDefaultsPostProcessor : Devtools property defaults active! Set 'spring.devtools.add-properties' to 'false' to disable
2024-06-30T10:20:38.857-03:00  INFO 14204 --- [store] [restartedMain] .e.DevToolsPropertyDefaultsPostProcessor : For additional web related logging consider setting the 'logging.level.web' property to 'DEBUG'
2024-06-30T10:20:39.790-03:00  INFO 14204 --- [store] [restartedMain] .s.d.r.c.RepositoryConfigurationDelegate : Bootstrapping Spring Data JPA repositories in DEFAULT mode.
2024-06-30T10:20:39.890-03:00  INFO 14204 --- [store] [restartedMain] .s.d.r.c.RepositoryConfigurationDelegate : Finished Spring Data repository scanning in 86 ms. Found 2 JPA repository interfaces.
2024-06-30T10:20:40.770-03:00  INFO 14204 --- [store] [restartedMain] o.s.b.w.embedded.tomcat.TomcatWebServer  : Tomcat initialized with port 8080 (http)
2024-06-30T10:20:40.789-03:00  INFO 14204 --- [store] [restartedMain] o.apache.catalina.core.StandardService   : Starting service [Tomcat]
2024-06-30T10:20:40.790-03:00  INFO 14204 --- [store] [restartedMain] o.apache.catalina.core.StandardEngine    : Starting Servlet engine: [Apache Tomcat/10.1.25]
2024-06-30T10:20:40.864-03:00  INFO 14204 --- [store] [restartedMain] o.a.c.c.C.[Tomcat].[localhost].[/]       : Initializing Spring embedded WebApplicationContext
2024-06-30T10:20:40.866-03:00  INFO 14204 --- [store] [restartedMain] w.s.c.ServletWebServerApplicationContext : Root WebApplicationContext: initialization completed in 2008 ms
2024-06-30T10:20:41.067-03:00  INFO 14204 --- [store] [restartedMain] o.hibernate.jpa.internal.util.LogHelper  : HHH000204: Processing PersistenceUnitInfo [name: default]
2024-06-30T10:20:41.150-03:00  INFO 14204 --- [store] [restartedMain] org.hibernate.Version                    : HHH000412: Hibernate ORM core version 6.5.2.Final
2024-06-30T10:20:41.214-03:00  INFO 14204 --- [store] [restartedMain] o.h.c.internal.RegionFactoryInitiator    : HHH000026: Second-level cache disabled
2024-06-30T10:20:41.598-03:00  INFO 14204 --- [store] [restartedMain] o.s.o.j.p.SpringPersistenceUnitInfo      : No LoadTimeWeaver setup: ignoring JPA class transformer
2024-06-30T10:20:41.637-03:00  INFO 14204 --- [store] [restartedMain] com.zaxxer.hikari.HikariDataSource       : HikariPool-1 - Starting...
2024-06-30T10:20:41.852-03:00  INFO 14204 --- [store] [restartedMain] com.zaxxer.hikari.pool.HikariPool        : HikariPool-1 - Added connection com.mysql.cj.jdbc.ConnectionImpl@56c585e0
2024-06-30T10:20:41.855-03:00  INFO 14204 --- [store] [restartedMain] com.zaxxer.hikari.HikariDataSource       : HikariPool-1 - Start completed.
2024-06-30T10:20:41.900-03:00  WARN 14204 --- [store] [restartedMain] o.h.e.j.e.i.JdbcEnvironmentInitiator     : HHH000339: Could not obtain connection metadata: java.sql.SQLSyntaxErrorException: Unknown column 'RESERVED' in 'where clause'
2024-06-30T10:20:41.922-03:00  WARN 14204 --- [store] [restartedMain] org.hibernate.orm.deprecation            : HHH90000025: MySQLDialect does not need to be specified explicitly using 'hibernate.dialect' (remove the property setting and it will be selected by default)
2024-06-30T10:20:42.850-03:00  INFO 14204 --- [store] [restartedMain] o.h.e.t.j.p.i.JtaPlatformInitiator       : HHH000489: No JTA platform available (set 'hibernate.transaction.jta.platform' to enable JTA platform integration)
2024-06-30T10:20:44.475-03:00  INFO 14204 --- [store] [restartedMain] j.LocalContainerEntityManagerFactoryBean : Initialized JPA EntityManagerFactory for persistence unit 'default'
2024-06-30T10:20:44.867-03:00  INFO 14204 --- [store] [restartedMain] o.s.d.j.r.query.QueryEnhancerFactory     : Hibernate is in classpath; If applicable, HQL parser will be used.
2024-06-30T10:20:44.958-03:00  WARN 14204 --- [store] [restartedMain] JpaBaseConfiguration$JpaWebConfiguration : spring.jpa.open-in-view is enabled by default. Therefore, database queries may be performed during view rendering. Explicitly configure spring.jpa.open-in-view to disable this warning
2024-06-30T10:20:45.014-03:00  INFO 14204 --- [store] [restartedMain] eAuthenticationProviderManagerConfigurer : Global AuthenticationManager configured with AuthenticationProvider bean with name authenticationProvider
2024-06-30T10:20:45.016-03:00  WARN 14204 --- [store] [restartedMain] r$InitializeUserDetailsManagerConfigurer : Global AuthenticationManager configured with an AuthenticationProvider bean. UserDetailsService beans will not be used for username/password login. Consider removing the AuthenticationProvider bean. Alternatively, consider using the UserDetailsService in a manually instantiated DaoAuthenticationProvider.
2024-06-30T10:20:45.643-03:00  INFO 14204 --- [store] [restartedMain] o.s.b.d.a.OptionalLiveReloadServer       : LiveReload server is running on port 35729
2024-06-30T10:20:45.697-03:00  INFO 14204 --- [store] [restartedMain] o.s.b.w.embedded.tomcat.TomcatWebServer  : Tomcat started on port 8080 (http) with context path '/'
2024-06-30T10:20:45.711-03:00  INFO 14204 --- [store] [restartedMain] com.store.store.StoreApplication         : Started StoreApplication in 7.583 seconds (process running for 8.14)
2024-06-30T10:20:50.179-03:00  INFO 14204 --- [store] [http-nio-8080-exec-3] o.a.c.c.C.[Tomcat].[localhost].[/]       : Initializing Spring DispatcherServlet 'dispatcherServlet'
2024-06-30T10:20:50.180-03:00  INFO 14204 --- [store] [http-nio-8080-exec-3] o.s.web.servlet.DispatcherServlet        : Initializing Servlet 'dispatcherServlet'
2024-06-30T10:20:50.181-03:00  INFO 14204 --- [store] [http-nio-8080-exec-3] o.s.web.servlet.DispatcherServlet        : Completed initialization in 1 ms
2024-06-30T10:20:50.479-03:00 DEBUG 14204 --- [store] [http-nio-8080-exec-3] c.s.s.E.Users.UserDetailsServiceImpl     : it workssssssCREATE
2024-06-30T10:20:50.480-03:00 DEBUG 14204 --- [store] [http-nio-8080-exec-3] c.s.s.E.Users.UserDetailsServiceImpl     : it workssssssUPDATE
2024-06-30T10:20:50.480-03:00 DEBUG 14204 --- [store] [http-nio-8080-exec-3] c.s.s.E.Users.UserDetailsServiceImpl     : it workssssssREAD
2024-06-30T10:20:50.481-03:00 DEBUG 14204 --- [store] [http-nio-8080-exec-3] c.s.s.E.Users.UserDetailsServiceImpl     : it workssssssDELETE
2024-06-30T10:20:50.481-03:00 DEBUG 14204 --- [store] [http-nio-8080-exec-3] c.s.s.E.Users.UserDetailsServiceImpl     : it works$2a$12$KqqIotOT4nH6dgoMM37Tje9UX109t5Yo.u/vSk3.YRPrSFKhCtRSG
